\BOOKMARK [1][-]{section*.1}{\376\377\000A\000b\000s\000t\000r\000a\000c\000t}{}% 1
\BOOKMARK [1][-]{section*.2}{\376\377\000L\000e\000a\000r\000n\000i\000n\000g\000\040\000t\000o\000\040\000I\000n\000t\000e\000r\000p\000r\000e\000t\000\040\000a\000\040\000D\000i\000s\000j\000u\000n\000c\000t\000i\000o\000n}{}% 2
\BOOKMARK [1][-]{section*.3}{\376\377\000I\000n\000t\000r\000o\000d\000u\000c\000t\000i\000o\000n}{}% 3
\BOOKMARK [2][-]{section*.4}{\376\377\000P\000r\000e\000v\000i\000o\000u\000s\000\040\000L\000i\000t\000e\000r\000a\000t\000u\000r\000e}{section*.3}% 4
\BOOKMARK [2][-]{section*.6}{\376\377\000C\000u\000r\000r\000e\000n\000t\000\040\000S\000t\000u\000d\000y}{section*.3}% 5
\BOOKMARK [1][-]{section*.8}{\376\377\000S\000t\000u\000d\000y\000\040\0001\000:\000\040\000D\000i\000s\000j\000u\000n\000c\000t\000i\000o\000n\000\040\000i\000n\000\040\000a\000d\000u\000l\000t\000-\000a\000d\000u\000l\000t\000\040\000i\000n\000t\000e\000r\000a\000c\000t\000i\000o\000n\000s}{}% 6
\BOOKMARK [1][-]{section*.9}{\376\377\000S\000t\000u\000d\000y\000\040\0002\000:\000\040\000D\000i\000s\000j\000u\000n\000c\000t\000i\000o\000n\000\040\000i\000n\000\040\000p\000a\000r\000e\000n\000t\000-\000c\000h\000i\000l\000d\000\040\000i\000n\000t\000e\000r\000a\000c\000t\000i\000o\000n\000s}{}% 7
\BOOKMARK [2][-]{section*.10}{\376\377\000M\000e\000t\000h\000o\000d\000s}{section*.9}% 8
\BOOKMARK [3][-]{section*.12}{\376\377\000E\000x\000c\000l\000u\000s\000i\000o\000n\000\040\000C\000r\000i\000t\000e\000r\000i\000a}{section*.10}% 9
\BOOKMARK [3][-]{section*.13}{\376\377\000P\000r\000o\000c\000e\000d\000u\000r\000e}{section*.10}% 10
\BOOKMARK [2][-]{section*.14}{\376\377\000P\000r\000o\000p\000e\000r\000t\000i\000e\000s\000\040\000o\000f\000\040\000C\000H\000I\000L\000D\000E\000S\000\040\000C\000o\000r\000p\000o\000r\000a}{section*.9}% 11
\BOOKMARK [2][-]{section*.19}{\376\377\000R\000e\000s\000u\000l\000t\000s}{section*.9}% 12
\BOOKMARK [2][-]{section*.24}{\376\377\000D\000i\000s\000c\000u\000s\000s\000i\000o\000n}{section*.9}% 13
\BOOKMARK [1][-]{section*.25}{\376\377\000S\000t\000u\000d\000y\000\040\0003\000:\000\040\000I\000n\000t\000e\000r\000p\000r\000e\000t\000a\000t\000i\000o\000n\000s\000\040\000o\000f\000\040\000d\000i\000s\000j\000u\000n\000c\000t\000i\000o\000n\000\040\000i\000n\000\040\000c\000h\000i\000l\000d\000-\000d\000i\000r\000e\000c\000t\000e\000d\000\040\000s\000p\000e\000e\000c\000h}{}% 14
\BOOKMARK [2][-]{section*.26}{\376\377\000M\000e\000t\000h\000o\000d\000s}{section*.25}% 15
\BOOKMARK [3][-]{section*.27}{\376\377\000A\000n\000n\000o\000t\000a\000t\000i\000o\000n\000\040\000C\000a\000t\000e\000g\000o\000r\000i\000e\000s}{section*.26}% 16
\BOOKMARK [3][-]{section*.29}{\376\377\000I\000n\000t\000e\000r\000-\000a\000n\000n\000o\000t\000a\000t\000o\000r\000\040\000R\000e\000l\000i\000a\000b\000i\000l\000i\000t\000y}{section*.26}% 17
\BOOKMARK [3][-]{section*.30}{\376\377\000R\000e\000s\000u\000l\000t\000s}{section*.26}% 18
\BOOKMARK [3][-]{section*.39}{\376\377\000D\000i\000s\000c\000u\000s\000s\000i\000o\000n}{section*.26}% 19
\BOOKMARK [1][-]{section*.40}{\376\377\000S\000t\000u\000d\000y\000\040\0004\000:\000\040\000L\000e\000a\000r\000n\000i\000n\000g\000\040\000t\000o\000\040\000i\000n\000t\000e\000r\000p\000r\000e\000t\000\040\000a\000\040\000d\000i\000s\000j\000u\000n\000c\000t\000i\000o\000n}{}% 20
\BOOKMARK [2][-]{section*.41}{\376\377\000C\000u\000e\000s\000\040\000t\000o\000\040\000c\000o\000o\000r\000d\000i\000n\000a\000t\000o\000r\000\040\000m\000e\000a\000n\000i\000n\000g\000s}{section*.40}% 21
\BOOKMARK [2][-]{section*.43}{\376\377\000L\000e\000a\000r\000n\000i\000n\000g\000\040\000t\000o\000\040\000i\000n\000t\000e\000r\000p\000r\000e\000t\000\040\000a\000n\000d\000\040\000a\000n\000d\000\040\000o\000r\000:\000\040\000A\000\040\000c\000u\000e\000-\000b\000a\000s\000e\000d\000\040\000a\000c\000c\000o\000u\000n\000t}{section*.40}% 22
\BOOKMARK [3][-]{section*.46}{\376\377\000M\000e\000t\000h\000o\000d\000s}{section*.43}% 23
\BOOKMARK [3][-]{section*.47}{\376\377\000R\000e\000s\000u\000l\000t\000s}{section*.43}% 24
\BOOKMARK [2][-]{section*.65}{\376\377\000D\000i\000s\000c\000u\000s\000s\000i\000o\000n}{section*.40}% 25
\BOOKMARK [1][-]{section*.66}{\376\377\000C\000o\000n\000c\000l\000u\000s\000i\000o\000n}{}% 26
\BOOKMARK [1][-]{section*.67}{\376\377\000R\000e\000f\000e\000r\000e\000n\000c\000e\000s}{}% 27
\BOOKMARK [1][-]{section*.68}{\376\377\000A\000p\000p\000e\000n\000d\000i\000x}{}% 28
\BOOKMARK [2][-]{section*.70}{\376\377\000A\000n\000n\000o\000t\000a\000t\000i\000o\000n\000\040\000C\000a\000t\000e\000g\000o\000r\000i\000e\000s}{section*.68}% 29
\BOOKMARK [2][-]{section*.71}{\376\377\000I\000n\000t\000e\000r\000-\000a\000n\000n\000o\000t\000a\000t\000o\000r\000\040\000a\000g\000r\000e\000e\000m\000e\000n\000t}{section*.68}% 30
